"../../../Engine/Plugins/2D/Paper2D/Content/PlaceholderTextures/DummySpriteTexture.uasset" 0
"../../../Engine/Plugins/2D/Paper2D/Content/DefaultSpriteMaterial.uasset" 1
"../../../Engine/Plugins/2D/Paper2D/Content/OpaqueUnlitSpriteMaterial.uasset" 2
"../../../AGameOfCycles/Content/2DSideScroller/Textures/2DBackground.uasset" 3
"../../../AGameOfCycles/Content/2DSideScroller/Sprites/Background_Sprite.uasset" 4
"../../../AGameOfCycles/Content/2DSideScroller/Textures/2DBackgroundBlockAtlas.uasset" 5
"../../../AGameOfCycles/Content/2DSideScroller/Sprites/Ledge.uasset" 6
"../../../AGameOfCycles/Content/2DSideScroller/Textures/2DBackgroundTile.uasset" 7
"../../../AGameOfCycles/Content/2DSideScroller/Materials/PrototypingSpriteMaterial.uasset" 8
"../../../AGameOfCycles/Content/2DSideScroller/Sprites/PrototypingSprite.uasset" 9
"../../../AGameOfCycles/Content/2DSideScrollerBP/Audio/Audio.uasset" 10
"../../../AGameOfCycles/Content/2DSideScrollerBP/Audio/Music.uasset" 11
"../../../AGameOfCycles/Content/2DSideScrollerBP/Audio/MuteMix.uasset" 12
"../../../AGameOfCycles/Content/2DSideScrollerBP/Audio/UnMuteMix.uasset" 13
"../../../Engine/Content/EditorBlueprintResources/StandardMacros.uasset" 14
"../../../AGameOfCycles/Content/2DSideScroller/Textures/2DCharacter_IdleAnimAtlas.uasset" 15
"../../../AGameOfCycles/Content/2DSideScroller/Sprites/IdleFrames/IdleCycle1.uasset" 16
"../../../AGameOfCycles/Content/2DSideScroller/Sprites/IdleFrames/IdleCycle2.uasset" 17
"../../../AGameOfCycles/Content/2DSideScroller/Sprites/IdleFrames/IdleCycle3.uasset" 18
"../../../AGameOfCycles/Content/2DSideScroller/Sprites/IdleFrames/IdleCycle4.uasset" 19
"../../../AGameOfCycles/Content/2DSideScroller/Sprites/IdleFrames/IdleCycle5.uasset" 20
"../../../AGameOfCycles/Content/2DSideScroller/Sprites/IdleFrames/IdleCycle6.uasset" 21
"../../../AGameOfCycles/Content/2DSideScroller/Sprites/IdleFrames/IdleCycle7.uasset" 22
"../../../AGameOfCycles/Content/2DSideScroller/Sprites/IdleFrames/IdleCycle8.uasset" 23
"../../../AGameOfCycles/Content/2DSideScroller/Sprites/IdleAnimation.uasset" 24
"../../../AGameOfCycles/Content/2DSideScroller/Textures/2DCharacter_RunAnimAtlas.uasset" 25
"../../../AGameOfCycles/Content/2DSideScroller/Sprites/RunFrames/RunCycle_1.uasset" 26
"../../../AGameOfCycles/Content/2DSideScroller/Sprites/RunFrames/RunCycle_10.uasset" 27
"../../../AGameOfCycles/Content/2DSideScroller/Sprites/RunFrames/RunCycle_11.uasset" 28
"../../../AGameOfCycles/Content/2DSideScroller/Sprites/RunFrames/RunCycle_12.uasset" 29
"../../../AGameOfCycles/Content/2DSideScroller/Sprites/RunFrames/RunCycle_13.uasset" 30
"../../../AGameOfCycles/Content/2DSideScroller/Sprites/RunFrames/RunCycle_14.uasset" 31
"../../../AGameOfCycles/Content/2DSideScroller/Sprites/RunFrames/RunCycle_15.uasset" 32
"../../../AGameOfCycles/Content/2DSideScroller/Sprites/RunFrames/RunCycle_16.uasset" 33
"../../../AGameOfCycles/Content/2DSideScroller/Sprites/RunFrames/RunCycle_2.uasset" 34
"../../../AGameOfCycles/Content/2DSideScroller/Sprites/RunFrames/RunCycle_3.uasset" 35
"../../../AGameOfCycles/Content/2DSideScroller/Sprites/RunFrames/RunCycle_4.uasset" 36
"../../../AGameOfCycles/Content/2DSideScroller/Sprites/RunFrames/RunCycle_5.uasset" 37
"../../../AGameOfCycles/Content/2DSideScroller/Sprites/RunFrames/RunCycle_6.uasset" 38
"../../../AGameOfCycles/Content/2DSideScroller/Sprites/RunFrames/RunCycle_7.uasset" 39
"../../../AGameOfCycles/Content/2DSideScroller/Sprites/RunFrames/RunCycle_8.uasset" 40
"../../../AGameOfCycles/Content/2DSideScroller/Sprites/RunFrames/RunCycle_9.uasset" 41
"../../../AGameOfCycles/Content/2DSideScroller/Sprites/RunningAnimation.uasset" 42
"../../../AGameOfCycles/Content/2DSideScrollerBP/Blueprints/2DSideScrollerCharacter.uasset" 43
"../../../AGameOfCycles/Content/2DSideScrollerBP/Blueprints/GameSave.uasset" 44
"../../../AGameOfCycles/Content/2DSideScrollerBP/Blueprints/Game_save.uasset" 45
"../../../AGameOfCycles/Content/2DSideScrollerBP/Blueprints/CheckpointSaveGame.uasset" 46
"../../../AGameOfCycles/Content/2DSideScrollerBP/Textures/characters/characters.uasset" 47
"../../../AGameOfCycles/Content/2DSideScrollerBP/Textures/characters/characters_Sprite_69.uasset" 48
"../../../AGameOfCycles/Content/2DSideScrollerBP/Textures/characters/characters_Sprite_70.uasset" 49
"../../../AGameOfCycles/Content/2DSideScrollerBP/Textures/characters/characters_Sprite_71.uasset" 50
"../../../AGameOfCycles/Content/2DSideScrollerBP/Textures/characters/characters_Sprite_72.uasset" 51
"../../../AGameOfCycles/Content/2DSideScrollerBP/Textures/characters/Snake.uasset" 52
"../../../AGameOfCycles/Content/2DSideScrollerBP/Blueprints/Obstacles/Waypoint_Snake.uasset" 53
"../../../AGameOfCycles/Content/2DSideScrollerBP/Textures/Projectile.uasset" 54
"../../../AGameOfCycles/Content/2DSideScrollerBP/Textures/TileSprites/Projectile_Sprite.uasset" 55
"../../../AGameOfCycles/Content/2DSideScrollerBP/Blueprints/ProjectileBP.uasset" 56
"../../../AGameOfCycles/Content/2DSideScrollerBP/Blueprints/AnimationState.uasset" 57
"../../../AGameOfCycles/Content/2DSideScrollerBP/HUD/UI.uasset" 58
"../../../AGameOfCycles/Content/2DSideScrollerBP/Blueprints/PauseMenu.uasset" 59
"../../../AGameOfCycles/Content/2DSideScrollerBP/Textures/characters/characters_Sprite_64.uasset" 60
"../../../AGameOfCycles/Content/2DSideScrollerBP/Textures/characters/characters_Sprite_65.uasset" 61
"../../../AGameOfCycles/Content/2DSideScrollerBP/Textures/characters/characters_Sprite_66.uasset" 62
"../../../AGameOfCycles/Content/2DSideScrollerBP/Textures/characters/characters_Sprite_67.uasset" 63
"../../../AGameOfCycles/Content/2DSideScrollerBP/Textures/characters/MCClimbing.uasset" 64
"../../../AGameOfCycles/Content/2DSideScrollerBP/Textures/characters/characters_Sprite_46.uasset" 65
"../../../AGameOfCycles/Content/2DSideScrollerBP/Textures/characters/MCIdle.uasset" 66
"../../../AGameOfCycles/Content/2DSideScrollerBP/Textures/characters/characters_Sprite_50.uasset" 67
"../../../AGameOfCycles/Content/2DSideScrollerBP/Textures/characters/characters_Sprite_51.uasset" 68
"../../../AGameOfCycles/Content/2DSideScrollerBP/Textures/characters/characters_Sprite_52.uasset" 69
"../../../AGameOfCycles/Content/2DSideScrollerBP/Textures/characters/characters_Sprite_53.uasset" 70
"../../../AGameOfCycles/Content/2DSideScrollerBP/Textures/characters/MCJump.uasset" 71
"../../../AGameOfCycles/Content/2DSideScrollerBP/Textures/characters/characters_Sprite_60.uasset" 72
"../../../AGameOfCycles/Content/2DSideScrollerBP/Textures/characters/characters_Sprite_61.uasset" 73
"../../../AGameOfCycles/Content/2DSideScrollerBP/Textures/characters/characters_Sprite_62.uasset" 74
"../../../AGameOfCycles/Content/2DSideScrollerBP/Textures/characters/characters_Sprite_63.uasset" 75
"../../../AGameOfCycles/Content/2DSideScrollerBP/Textures/characters/MCRun.uasset" 76
"../../../AGameOfCycles/Content/2DSideScrollerBP/Blueprints/Player1.uasset" 77
"../../../AGameOfCycles/Content/2DSideScrollerBP/Blueprints/AI_Enemy.uasset" 78
"../../../AGameOfCycles/Content/2DSideScrollerBP/Blueprints/LevelCompleteWidget.uasset" 79
"../../../Engine/Plugins/2D/Paper2D/Content/TranslucentUnlitSpriteMaterial.uasset" 80
"../../../AGameOfCycles/Content/2DSideScrollerBP/Textures/Buttons/Layer-2.uasset" 81
"../../../AGameOfCycles/Content/2DSideScrollerBP/Textures/Buttons/Layer-2_Sprite_4.uasset" 82
"../../../AGameOfCycles/Content/2DSideScrollerBP/Textures/Buttons/Layer-3.uasset" 83
"../../../AGameOfCycles/Content/2DSideScrollerBP/Textures/Buttons/Layer-3_Sprite_4.uasset" 84
"../../../AGameOfCycles/Content/2DSideScrollerBP/Textures/Congratulations__you_ve_won_.uasset" 85
"../../../AGameOfCycles/Content/2DSideScrollerBP/Textures/GameOfCyclesWebsiteBackground.uasset" 86
"../../../AGameOfCycles/Content/2DSideScrollerBP/Blueprints/WinWidget.uasset" 87
"../../../AGameOfCycles/Content/2DSideScrollerBP/Blueprints/Dialogue/DialogueStructure.uasset" 88
"../../../AGameOfCycles/Content/2DSideScrollerBP/Blueprints/Dialogue/KingDialogue1DataTable.uasset" 89
"../../../AGameOfCycles/Content/2DSideScrollerBP/Blueprints/Dialogue/KingDialogueTesting.uasset" 90
"../../../AGameOfCycles/Content/2DSideScrollerBP/Blueprints/Dialogue/Level0SignDialogue03.uasset" 91
"../../../AGameOfCycles/Content/2DSideScrollerBP/Textures/sheet.uasset" 92
"../../../AGameOfCycles/Content/2DSideScrollerBP/Textures/TileSprites/sheet_Sprite_14.uasset" 93
"../../../AGameOfCycles/Content/2DSideScrollerBP/Blueprints/Dialogue/Level0Sign004.uasset" 94
"../../../AGameOfCycles/Content/2DSideScrollerBP/Blueprints/Dialogue/Level0SignDialogue05.uasset" 95
"../../../AGameOfCycles/Content/2DSideScrollerBP/Blueprints/Dialogue/Level0Sign05.uasset" 96
"../../../AGameOfCycles/Content/2DSideScrollerBP/Blueprints/Dialogue/Level0SignDialogue04.uasset" 97
"../../../AGameOfCycles/Content/2DSideScrollerBP/Blueprints/Dialogue/LevelList.uasset" 98
"../../../AGameOfCycles/Content/2DSideScrollerBP/Blueprints/Dialogue/SignDialogueC2.uasset" 99
"../../../AGameOfCycles/Content/2DSideScrollerBP/Blueprints/Dialogue/SignC2.uasset" 100
"../../../AGameOfCycles/Content/2DSideScrollerBP/InventorySystem/ISBlueprints/ISStructures/ISItemInfo.uasset" 101
"../../../AGameOfCycles/Content/2DSideScrollerBP/Textures/bullet006_48px_8.uasset" 102
"../../../AGameOfCycles/Content/2DSideScrollerBP/Textures/LadderBottom.uasset" 103
"../../../AGameOfCycles/Content/2DSideScrollerBP/Textures/LadderMiddle.uasset" 104
"../../../AGameOfCycles/Content/2DSideScrollerBP/Textures/LevelE1_BuiltData.uasset" 105
"../../../AGameOfCycles/Content/2DSideScrollerBP/Textures/LevelsBtn.uasset" 106
"../../../AGameOfCycles/Content/2DSideScrollerBP/Textures/MainMenuButtons.uasset" 107
"../../../AGameOfCycles/Content/2DSideScrollerBP/Textures/OptionsBtn.uasset" 108
"../../../AGameOfCycles/Content/2DSideScrollerBP/Textures/parallax-forest-back-trees.uasset" 109
"../../../AGameOfCycles/Content/2DSideScrollerBP/Textures/parallax-forest-back-trees_Sprite.uasset" 110
"../../../AGameOfCycles/Content/2DSideScrollerBP/Textures/PlayBtn.uasset" 111
"../../../AGameOfCycles/Content/2DSideScrollerBP/Textures/sheet_TileSet.uasset" 112
"../../../AGameOfCycles/Content/2DSideScrollerBP/Textures/sheet_TileMap1.uasset" 113
"../../../AGameOfCycles/Content/2DSideScrollerBP/Textures/swoosh.uasset" 114
"../../../AGameOfCycles/Content/2DSideScrollerBP/Textures/swoosh_TileSet.uasset" 115
"../../../AGameOfCycles/Content/2DSideScrollerBP/Textures/Thumbnail.uasset" 116
"../../../AGameOfCycles/Content/2DSideScrollerBP/Textures/Buttons/Layer-1.uasset" 117
"../../../AGameOfCycles/Content/2DSideScrollerBP/Textures/Buttons/Layer-2_Sprite_0.uasset" 118
"../../../AGameOfCycles/Content/2DSideScrollerBP/Textures/Buttons/Layer-2_Sprite_11.uasset" 119
"../../../AGameOfCycles/Content/2DSideScrollerBP/Textures/Buttons/Layer-2_Sprite_12.uasset" 120
"../../../AGameOfCycles/Content/2DSideScrollerBP/Textures/Buttons/Layer-2_Sprite_13.uasset" 121
"../../../AGameOfCycles/Content/2DSideScrollerBP/Textures/Buttons/Layer-2_Sprite_14.uasset" 122
"../../../AGameOfCycles/Content/2DSideScrollerBP/Textures/Buttons/Layer-2_Sprite_15.uasset" 123
"../../../AGameOfCycles/Content/2DSideScrollerBP/Textures/Buttons/Layer-2_Sprite_16.uasset" 124
"../../../AGameOfCycles/Content/2DSideScrollerBP/Textures/Buttons/Layer-2_Sprite_17.uasset" 125
"../../../AGameOfCycles/Content/2DSideScrollerBP/Textures/Buttons/Layer-2_Sprite_18.uasset" 126
"../../../AGameOfCycles/Content/2DSideScrollerBP/Textures/Buttons/Layer-2_Sprite_19.uasset" 127
"../../../AGameOfCycles/Content/2DSideScrollerBP/Textures/Buttons/Layer-2_Sprite_2.uasset" 128
"../../../AGameOfCycles/Content/2DSideScrollerBP/Textures/Buttons/Layer-2_Sprite_20.uasset" 129
"../../../AGameOfCycles/Content/2DSideScrollerBP/Textures/Buttons/Layer-2_Sprite_21.uasset" 130
"../../../AGameOfCycles/Content/2DSideScrollerBP/Textures/Buttons/Layer-2_Sprite_22.uasset" 131
"../../../AGameOfCycles/Content/2DSideScrollerBP/Textures/Buttons/Layer-2_Sprite_24.uasset" 132
"../../../AGameOfCycles/Content/2DSideScrollerBP/Textures/Buttons/Layer-2_Sprite_25.uasset" 133
"../../../AGameOfCycles/Content/2DSideScrollerBP/Textures/Buttons/Layer-2_Sprite_3.uasset" 134
"../../../AGameOfCycles/Content/2DSideScrollerBP/Textures/Buttons/Layer-2_Sprite_6.uasset" 135
"../../../AGameOfCycles/Content/2DSideScrollerBP/Textures/Buttons/Layer-2_Sprite_7.uasset" 136
"../../../AGameOfCycles/Content/2DSideScrollerBP/Textures/Buttons/Layer-2_Sprite_9.uasset" 137
"../../../AGameOfCycles/Content/2DSideScrollerBP/Textures/Buttons/Layer-3_Sprite_0.uasset" 138
"../../../AGameOfCycles/Content/2DSideScrollerBP/Textures/Buttons/Layer-3_Sprite_11.uasset" 139
"../../../AGameOfCycles/Content/2DSideScrollerBP/Textures/Buttons/Layer-3_Sprite_12.uasset" 140
"../../../AGameOfCycles/Content/2DSideScrollerBP/Textures/Buttons/Layer-3_Sprite_13.uasset" 141
"../../../AGameOfCycles/Content/2DSideScrollerBP/Textures/Buttons/Layer-3_Sprite_14.uasset" 142
"../../../AGameOfCycles/Content/2DSideScrollerBP/Textures/Buttons/Layer-3_Sprite_15.uasset" 143
"../../../AGameOfCycles/Content/2DSideScrollerBP/Textures/Buttons/Layer-3_Sprite_16.uasset" 144
"../../../AGameOfCycles/Content/2DSideScrollerBP/Textures/Buttons/Layer-3_Sprite_17.uasset" 145
"../../../AGameOfCycles/Content/2DSideScrollerBP/Textures/Buttons/Layer-3_Sprite_18.uasset" 146
"../../../AGameOfCycles/Content/2DSideScrollerBP/Textures/Buttons/Layer-3_Sprite_19.uasset" 147
"../../../AGameOfCycles/Content/2DSideScrollerBP/Textures/Buttons/Layer-3_Sprite_2.uasset" 148
"../../../AGameOfCycles/Content/2DSideScrollerBP/Textures/Buttons/Layer-3_Sprite_20.uasset" 149
"../../../AGameOfCycles/Content/2DSideScrollerBP/Textures/Buttons/Layer-3_Sprite_21.uasset" 150
"../../../AGameOfCycles/Content/2DSideScrollerBP/Textures/Buttons/Layer-3_Sprite_22.uasset" 151
"../../../AGameOfCycles/Content/2DSideScrollerBP/Textures/Buttons/Layer-3_Sprite_24.uasset" 152
"../../../AGameOfCycles/Content/2DSideScrollerBP/Textures/Buttons/Layer-3_Sprite_25.uasset" 153
"../../../AGameOfCycles/Content/2DSideScrollerBP/Textures/Buttons/Layer-3_Sprite_3.uasset" 154
"../../../AGameOfCycles/Content/2DSideScrollerBP/Textures/Buttons/Layer-3_Sprite_6.uasset" 155
"../../../AGameOfCycles/Content/2DSideScrollerBP/Textures/Buttons/Layer-3_Sprite_7.uasset" 156
"../../../AGameOfCycles/Content/2DSideScrollerBP/Textures/Buttons/Layer-3_Sprite_9.uasset" 157
"../../../AGameOfCycles/Content/2DSideScrollerBP/Textures/Buttons/Layer-4.uasset" 158
"../../../AGameOfCycles/Content/2DSideScrollerBP/Textures/Buttons/Layer-5.uasset" 159
"../../../AGameOfCycles/Content/2DSideScrollerBP/Textures/Buttons/Layer-5_Sprite_0.uasset" 160
"../../../AGameOfCycles/Content/2DSideScrollerBP/Textures/Buttons/Layer-5_Sprite_1.uasset" 161
"../../../AGameOfCycles/Content/2DSideScrollerBP/Textures/Buttons/Layer-5_Sprite_10.uasset" 162
"../../../AGameOfCycles/Content/2DSideScrollerBP/Textures/Buttons/Layer-5_Sprite_11.uasset" 163
"../../../AGameOfCycles/Content/2DSideScrollerBP/Textures/Buttons/Layer-5_Sprite_12.uasset" 164
"../../../AGameOfCycles/Content/2DSideScrollerBP/Textures/Buttons/Layer-5_Sprite_13.uasset" 165
"../../../AGameOfCycles/Content/2DSideScrollerBP/Textures/Buttons/Layer-5_Sprite_14.uasset" 166
"../../../AGameOfCycles/Content/2DSideScrollerBP/Textures/Buttons/Layer-5_Sprite_15.uasset" 167
"../../../AGameOfCycles/Content/2DSideScrollerBP/Textures/Buttons/Layer-5_Sprite_16.uasset" 168
"../../../AGameOfCycles/Content/2DSideScrollerBP/Textures/Buttons/Layer-5_Sprite_17.uasset" 169
"../../../AGameOfCycles/Content/2DSideScrollerBP/Textures/Buttons/Layer-5_Sprite_18.uasset" 170
"../../../AGameOfCycles/Content/2DSideScrollerBP/Textures/Buttons/Layer-5_Sprite_19.uasset" 171
"../../../AGameOfCycles/Content/2DSideScrollerBP/Textures/Buttons/Layer-5_Sprite_2.uasset" 172
"../../../AGameOfCycles/Content/2DSideScrollerBP/Textures/Buttons/Layer-5_Sprite_22.uasset" 173
"../../../AGameOfCycles/Content/2DSideScrollerBP/Textures/Buttons/Layer-5_Sprite_23.uasset" 174
"../../../AGameOfCycles/Content/2DSideScrollerBP/Textures/Buttons/Layer-5_Sprite_25.uasset" 175
"../../../AGameOfCycles/Content/2DSideScrollerBP/Textures/Buttons/Layer-5_Sprite_26.uasset" 176
"../../../AGameOfCycles/Content/2DSideScrollerBP/Textures/Buttons/Layer-5_Sprite_27.uasset" 177
"../../../AGameOfCycles/Content/2DSideScrollerBP/Textures/Buttons/Layer-5_Sprite_28.uasset" 178
"../../../AGameOfCycles/Content/2DSideScrollerBP/Textures/Buttons/Layer-5_Sprite_29.uasset" 179
"../../../AGameOfCycles/Content/2DSideScrollerBP/Textures/Buttons/Layer-5_Sprite_3.uasset" 180
"../../../AGameOfCycles/Content/2DSideScrollerBP/Textures/Buttons/Layer-5_Sprite_30.uasset" 181
"../../../AGameOfCycles/Content/2DSideScrollerBP/Textures/Buttons/Layer-5_Sprite_31.uasset" 182
"../../../AGameOfCycles/Content/2DSideScrollerBP/Textures/Buttons/Layer-5_Sprite_32.uasset" 183
"../../../AGameOfCycles/Content/2DSideScrollerBP/Textures/Buttons/Layer-5_Sprite_33.uasset" 184
"../../../AGameOfCycles/Content/2DSideScrollerBP/Textures/Buttons/Layer-5_Sprite_34.uasset" 185
"../../../AGameOfCycles/Content/2DSideScrollerBP/Textures/Buttons/Layer-5_Sprite_35.uasset" 186
"../../../AGameOfCycles/Content/2DSideScrollerBP/Textures/Buttons/Layer-5_Sprite_36.uasset" 187
"../../../AGameOfCycles/Content/2DSideScrollerBP/Textures/Buttons/Layer-5_Sprite_37.uasset" 188
"../../../AGameOfCycles/Content/2DSideScrollerBP/Textures/Buttons/Layer-5_Sprite_38.uasset" 189
"../../../AGameOfCycles/Content/2DSideScrollerBP/Textures/Buttons/Layer-5_Sprite_39.uasset" 190
"../../../AGameOfCycles/Content/2DSideScrollerBP/Textures/Buttons/Layer-5_Sprite_4.uasset" 191
"../../../AGameOfCycles/Content/2DSideScrollerBP/Textures/Buttons/Layer-5_Sprite_40.uasset" 192
"../../../AGameOfCycles/Content/2DSideScrollerBP/Textures/Buttons/Layer-5_Sprite_41.uasset" 193
"../../../AGameOfCycles/Content/2DSideScrollerBP/Textures/Buttons/Layer-5_Sprite_42.uasset" 194
"../../../AGameOfCycles/Content/2DSideScrollerBP/Textures/Buttons/Layer-5_Sprite_43.uasset" 195
"../../../AGameOfCycles/Content/2DSideScrollerBP/Textures/Buttons/Layer-5_Sprite_44.uasset" 196
"../../../AGameOfCycles/Content/2DSideScrollerBP/Textures/Buttons/Layer-5_Sprite_45.uasset" 197
"../../../AGameOfCycles/Content/2DSideScrollerBP/Textures/Buttons/Layer-5_Sprite_46.uasset" 198
"../../../AGameOfCycles/Content/2DSideScrollerBP/Textures/Buttons/Layer-5_Sprite_47.uasset" 199
"../../../AGameOfCycles/Content/2DSideScrollerBP/Textures/Buttons/Layer-5_Sprite_5.uasset" 200
"../../../AGameOfCycles/Content/2DSideScrollerBP/Textures/Buttons/Layer-5_Sprite_6.uasset" 201
"../../../AGameOfCycles/Content/2DSideScrollerBP/Textures/Buttons/Layer-5_Sprite_7.uasset" 202
"../../../AGameOfCycles/Content/2DSideScrollerBP/Textures/Buttons/Layer-5_Sprite_8.uasset" 203
"../../../AGameOfCycles/Content/2DSideScrollerBP/Textures/Buttons/Layer-5_Sprite_9.uasset" 204
"../../../AGameOfCycles/Content/2DSideScrollerBP/Textures/Buttons/Layer-6.uasset" 205
"../../../AGameOfCycles/Content/2DSideScrollerBP/Textures/Buttons/Layer-6_Sprite_0.uasset" 206
"../../../AGameOfCycles/Content/2DSideScrollerBP/Textures/Buttons/Layer-6_Sprite_1.uasset" 207
"../../../AGameOfCycles/Content/2DSideScrollerBP/Textures/Buttons/Layer-6_Sprite_10.uasset" 208
"../../../AGameOfCycles/Content/2DSideScrollerBP/Textures/Buttons/Layer-6_Sprite_11.uasset" 209
"../../../AGameOfCycles/Content/2DSideScrollerBP/Textures/Buttons/Layer-6_Sprite_12.uasset" 210
"../../../AGameOfCycles/Content/2DSideScrollerBP/Textures/Buttons/Layer-6_Sprite_13.uasset" 211
"../../../AGameOfCycles/Content/2DSideScrollerBP/Textures/Buttons/Layer-6_Sprite_14.uasset" 212
"../../../AGameOfCycles/Content/2DSideScrollerBP/Textures/Buttons/Layer-6_Sprite_15.uasset" 213
"../../../AGameOfCycles/Content/2DSideScrollerBP/Textures/Buttons/Layer-6_Sprite_16.uasset" 214
"../../../AGameOfCycles/Content/2DSideScrollerBP/Textures/Buttons/Layer-6_Sprite_17.uasset" 215
"../../../AGameOfCycles/Content/2DSideScrollerBP/Textures/Buttons/Layer-6_Sprite_18.uasset" 216
"../../../AGameOfCycles/Content/2DSideScrollerBP/Textures/Buttons/Layer-6_Sprite_19.uasset" 217
"../../../AGameOfCycles/Content/2DSideScrollerBP/Textures/Buttons/Layer-6_Sprite_2.uasset" 218
"../../../AGameOfCycles/Content/2DSideScrollerBP/Textures/Buttons/Layer-6_Sprite_20.uasset" 219
"../../../AGameOfCycles/Content/2DSideScrollerBP/Textures/Buttons/Layer-6_Sprite_21.uasset" 220
"../../../AGameOfCycles/Content/2DSideScrollerBP/Textures/Buttons/Layer-6_Sprite_22.uasset" 221
"../../../AGameOfCycles/Content/2DSideScrollerBP/Textures/Buttons/Layer-6_Sprite_23.uasset" 222
"../../../AGameOfCycles/Content/2DSideScrollerBP/Textures/Buttons/Layer-6_Sprite_24.uasset" 223
"../../../AGameOfCycles/Content/2DSideScrollerBP/Textures/Buttons/Layer-6_Sprite_25.uasset" 224
"../../../AGameOfCycles/Content/2DSideScrollerBP/Textures/Buttons/Layer-6_Sprite_26.uasset" 225
"../../../AGameOfCycles/Content/2DSideScrollerBP/Textures/Buttons/Layer-6_Sprite_27.uasset" 226
"../../../AGameOfCycles/Content/2DSideScrollerBP/Textures/Buttons/Layer-6_Sprite_28.uasset" 227
"../../../AGameOfCycles/Content/2DSideScrollerBP/Textures/Buttons/Layer-6_Sprite_29.uasset" 228
"../../../AGameOfCycles/Content/2DSideScrollerBP/Textures/Buttons/Layer-6_Sprite_3.uasset" 229
"../../../AGameOfCycles/Content/2DSideScrollerBP/Textures/Buttons/Layer-6_Sprite_30.uasset" 230
"../../../AGameOfCycles/Content/2DSideScrollerBP/Textures/Buttons/Layer-6_Sprite_31.uasset" 231
"../../../AGameOfCycles/Content/2DSideScrollerBP/Textures/Buttons/Layer-6_Sprite_32.uasset" 232
"../../../AGameOfCycles/Content/2DSideScrollerBP/Textures/Buttons/Layer-6_Sprite_33.uasset" 233
"../../../AGameOfCycles/Content/2DSideScrollerBP/Textures/Buttons/Layer-6_Sprite_34.uasset" 234
"../../../AGameOfCycles/Content/2DSideScrollerBP/Textures/Buttons/Layer-6_Sprite_35.uasset" 235
"../../../AGameOfCycles/Content/2DSideScrollerBP/Textures/Buttons/Layer-6_Sprite_36.uasset" 236
"../../../AGameOfCycles/Content/2DSideScrollerBP/Textures/Buttons/Layer-6_Sprite_37.uasset" 237
"../../../AGameOfCycles/Content/2DSideScrollerBP/Textures/Buttons/Layer-6_Sprite_38.uasset" 238
"../../../AGameOfCycles/Content/2DSideScrollerBP/Textures/Buttons/Layer-6_Sprite_39.uasset" 239
"../../../AGameOfCycles/Content/2DSideScrollerBP/Textures/Buttons/Layer-6_Sprite_4.uasset" 240
"../../../AGameOfCycles/Content/2DSideScrollerBP/Textures/Buttons/Layer-6_Sprite_40.uasset" 241
"../../../AGameOfCycles/Content/2DSideScrollerBP/Textures/Buttons/Layer-6_Sprite_41.uasset" 242
"../../../AGameOfCycles/Content/2DSideScrollerBP/Textures/Buttons/Layer-6_Sprite_42.uasset" 243
"../../../AGameOfCycles/Content/2DSideScrollerBP/Textures/Buttons/Layer-6_Sprite_43.uasset" 244
"../../../AGameOfCycles/Content/2DSideScrollerBP/Textures/Buttons/Layer-6_Sprite_44.uasset" 245
"../../../AGameOfCycles/Content/2DSideScrollerBP/Textures/Buttons/Layer-6_Sprite_45.uasset" 246
"../../../AGameOfCycles/Content/2DSideScrollerBP/Textures/Buttons/Layer-6_Sprite_5.uasset" 247
"../../../AGameOfCycles/Content/2DSideScrollerBP/Textures/Buttons/Layer-6_Sprite_6.uasset" 248
"../../../AGameOfCycles/Content/2DSideScrollerBP/Textures/Buttons/Layer-6_Sprite_7.uasset" 249
"../../../AGameOfCycles/Content/2DSideScrollerBP/Textures/Buttons/Layer-6_Sprite_8.uasset" 250
"../../../AGameOfCycles/Content/2DSideScrollerBP/Textures/Buttons/Layer-6_Sprite_9.uasset" 251
"../../../AGameOfCycles/Content/2DSideScrollerBP/Textures/Buttons/Layer-7.uasset" 252
"../../../AGameOfCycles/Content/2DSideScrollerBP/Textures/Buttons/Layer-7_Sprite_0.uasset" 253
"../../../AGameOfCycles/Content/2DSideScrollerBP/Textures/Buttons/Layer-7_Sprite_1.uasset" 254
"../../../AGameOfCycles/Content/2DSideScrollerBP/Textures/Buttons/Layer-7_Sprite_10.uasset" 255
"../../../AGameOfCycles/Content/2DSideScrollerBP/Textures/Buttons/Layer-7_Sprite_11.uasset" 256
"../../../AGameOfCycles/Content/2DSideScrollerBP/Textures/Buttons/Layer-7_Sprite_12.uasset" 257
"../../../AGameOfCycles/Content/2DSideScrollerBP/Textures/Buttons/Layer-7_Sprite_13.uasset" 258
"../../../AGameOfCycles/Content/2DSideScrollerBP/Textures/Buttons/Layer-7_Sprite_14.uasset" 259
"../../../AGameOfCycles/Content/2DSideScrollerBP/Textures/Buttons/Layer-7_Sprite_15.uasset" 260
"../../../AGameOfCycles/Content/2DSideScrollerBP/Textures/Buttons/Layer-7_Sprite_16.uasset" 261
"../../../AGameOfCycles/Content/2DSideScrollerBP/Textures/Buttons/Layer-7_Sprite_17.uasset" 262
"../../../AGameOfCycles/Content/2DSideScrollerBP/Textures/Buttons/Layer-7_Sprite_18.uasset" 263
"../../../AGameOfCycles/Content/2DSideScrollerBP/Textures/Buttons/Layer-7_Sprite_19.uasset" 264
"../../../AGameOfCycles/Content/2DSideScrollerBP/Textures/Buttons/Layer-7_Sprite_2.uasset" 265
"../../../AGameOfCycles/Content/2DSideScrollerBP/Textures/Buttons/Layer-7_Sprite_22.uasset" 266
"../../../AGameOfCycles/Content/2DSideScrollerBP/Textures/Buttons/Layer-7_Sprite_23.uasset" 267
"../../../AGameOfCycles/Content/2DSideScrollerBP/Textures/Buttons/Layer-7_Sprite_25.uasset" 268
"../../../AGameOfCycles/Content/2DSideScrollerBP/Textures/Buttons/Layer-7_Sprite_26.uasset" 269
"../../../AGameOfCycles/Content/2DSideScrollerBP/Textures/Buttons/Layer-7_Sprite_27.uasset" 270
"../../../AGameOfCycles/Content/2DSideScrollerBP/Textures/Buttons/Layer-7_Sprite_28.uasset" 271
"../../../AGameOfCycles/Content/2DSideScrollerBP/Textures/Buttons/Layer-7_Sprite_29.uasset" 272
"../../../AGameOfCycles/Content/2DSideScrollerBP/Textures/Buttons/Layer-7_Sprite_3.uasset" 273
"../../../AGameOfCycles/Content/2DSideScrollerBP/Textures/Buttons/Layer-7_Sprite_30.uasset" 274
"../../../AGameOfCycles/Content/2DSideScrollerBP/Textures/Buttons/Layer-7_Sprite_31.uasset" 275
"../../../AGameOfCycles/Content/2DSideScrollerBP/Textures/Buttons/Layer-7_Sprite_32.uasset" 276
"../../../AGameOfCycles/Content/2DSideScrollerBP/Textures/Buttons/Layer-7_Sprite_33.uasset" 277
"../../../AGameOfCycles/Content/2DSideScrollerBP/Textures/Buttons/Layer-7_Sprite_34.uasset" 278
"../../../AGameOfCycles/Content/2DSideScrollerBP/Textures/Buttons/Layer-7_Sprite_35.uasset" 279
"../../../AGameOfCycles/Content/2DSideScrollerBP/Textures/Buttons/Layer-7_Sprite_36.uasset" 280
"../../../AGameOfCycles/Content/2DSideScrollerBP/Textures/Buttons/Layer-7_Sprite_37.uasset" 281
"../../../AGameOfCycles/Content/2DSideScrollerBP/Textures/Buttons/Layer-7_Sprite_38.uasset" 282
"../../../AGameOfCycles/Content/2DSideScrollerBP/Textures/Buttons/Layer-7_Sprite_39.uasset" 283
"../../../AGameOfCycles/Content/2DSideScrollerBP/Textures/Buttons/Layer-7_Sprite_4.uasset" 284
"../../../AGameOfCycles/Content/2DSideScrollerBP/Textures/Buttons/Layer-7_Sprite_40.uasset" 285
"../../../AGameOfCycles/Content/2DSideScrollerBP/Textures/Buttons/Layer-7_Sprite_41.uasset" 286
"../../../AGameOfCycles/Content/2DSideScrollerBP/Textures/Buttons/Layer-7_Sprite_42.uasset" 287
"../../../AGameOfCycles/Content/2DSideScrollerBP/Textures/Buttons/Layer-7_Sprite_43.uasset" 288
"../../../AGameOfCycles/Content/2DSideScrollerBP/Textures/Buttons/Layer-7_Sprite_44.uasset" 289
"../../../AGameOfCycles/Content/2DSideScrollerBP/Textures/Buttons/Layer-7_Sprite_45.uasset" 290
"../../../AGameOfCycles/Content/2DSideScrollerBP/Textures/Buttons/Layer-7_Sprite_5.uasset" 291
"../../../AGameOfCycles/Content/2DSideScrollerBP/Textures/Buttons/Layer-7_Sprite_6.uasset" 292
"../../../AGameOfCycles/Content/2DSideScrollerBP/Textures/Buttons/Layer-7_Sprite_7.uasset" 293
"../../../AGameOfCycles/Content/2DSideScrollerBP/Textures/Buttons/Layer-7_Sprite_8.uasset" 294
"../../../AGameOfCycles/Content/2DSideScrollerBP/Textures/Buttons/Layer-7_Sprite_9.uasset" 295
"../../../AGameOfCycles/Content/2DSideScrollerBP/Textures/characters/characters_Sprite_0.uasset" 296
"../../../AGameOfCycles/Content/2DSideScrollerBP/Textures/characters/characters_Sprite_1.uasset" 297
"../../../AGameOfCycles/Content/2DSideScrollerBP/Textures/characters/characters_Sprite_10.uasset" 298
"../../../AGameOfCycles/Content/2DSideScrollerBP/Textures/characters/characters_Sprite_11.uasset" 299
"../../../AGameOfCycles/Content/2DSideScrollerBP/Textures/characters/characters_Sprite_12.uasset" 300
"../../../AGameOfCycles/Content/2DSideScrollerBP/Textures/characters/characters_Sprite_13.uasset" 301
"../../../AGameOfCycles/Content/2DSideScrollerBP/Textures/characters/characters_Sprite_14.uasset" 302
"../../../AGameOfCycles/Content/2DSideScrollerBP/Textures/characters/characters_Sprite_15.uasset" 303
"../../../AGameOfCycles/Content/2DSideScrollerBP/Textures/characters/characters_Sprite_16.uasset" 304
"../../../AGameOfCycles/Content/2DSideScrollerBP/Textures/characters/characters_Sprite_17.uasset" 305
"../../../AGameOfCycles/Content/2DSideScrollerBP/Textures/characters/characters_Sprite_18.uasset" 306
"../../../AGameOfCycles/Content/2DSideScrollerBP/Textures/characters/characters_Sprite_19.uasset" 307
"../../../AGameOfCycles/Content/2DSideScrollerBP/Textures/characters/characters_Sprite_2.uasset" 308
"../../../AGameOfCycles/Content/2DSideScrollerBP/Textures/characters/characters_Sprite_20.uasset" 309
"../../../AGameOfCycles/Content/2DSideScrollerBP/Textures/characters/characters_Sprite_21.uasset" 310
"../../../AGameOfCycles/Content/2DSideScrollerBP/Textures/characters/characters_Sprite_22.uasset" 311
"../../../AGameOfCycles/Content/2DSideScrollerBP/Textures/characters/characters_Sprite_23.uasset" 312
"../../../AGameOfCycles/Content/2DSideScrollerBP/Textures/characters/characters_Sprite_24.uasset" 313
"../../../AGameOfCycles/Content/2DSideScrollerBP/Textures/characters/characters_Sprite_25.uasset" 314
"../../../AGameOfCycles/Content/2DSideScrollerBP/Textures/characters/characters_Sprite_27.uasset" 315
"../../../AGameOfCycles/Content/2DSideScrollerBP/Textures/characters/characters_Sprite_28.uasset" 316
"../../../AGameOfCycles/Content/2DSideScrollerBP/Textures/characters/characters_Sprite_29.uasset" 317
"../../../AGameOfCycles/Content/2DSideScrollerBP/Textures/characters/characters_Sprite_3.uasset" 318
"../../../AGameOfCycles/Content/2DSideScrollerBP/Textures/characters/characters_Sprite_30.uasset" 319
"../../../AGameOfCycles/Content/2DSideScrollerBP/Textures/characters/characters_Sprite_31.uasset" 320
"../../../AGameOfCycles/Content/2DSideScrollerBP/Textures/characters/characters_Sprite_32.uasset" 321
"../../../AGameOfCycles/Content/2DSideScrollerBP/Textures/characters/characters_Sprite_33.uasset" 322
"../../../AGameOfCycles/Content/2DSideScrollerBP/Textures/characters/characters_Sprite_34.uasset" 323
"../../../AGameOfCycles/Content/2DSideScrollerBP/Textures/characters/characters_Sprite_35.uasset" 324
"../../../AGameOfCycles/Content/2DSideScrollerBP/Textures/characters/characters_Sprite_36.uasset" 325
"../../../AGameOfCycles/Content/2DSideScrollerBP/Textures/characters/characters_Sprite_37.uasset" 326
"../../../AGameOfCycles/Content/2DSideScrollerBP/Textures/characters/characters_Sprite_38.uasset" 327
"../../../AGameOfCycles/Content/2DSideScrollerBP/Textures/characters/characters_Sprite_39.uasset" 328
"../../../AGameOfCycles/Content/2DSideScrollerBP/Textures/characters/characters_Sprite_4.uasset" 329
"../../../AGameOfCycles/Content/2DSideScrollerBP/Textures/characters/characters_Sprite_40.uasset" 330
"../../../AGameOfCycles/Content/2DSideScrollerBP/Textures/characters/characters_Sprite_41.uasset" 331
"../../../AGameOfCycles/Content/2DSideScrollerBP/Textures/characters/characters_Sprite_42.uasset" 332
"../../../AGameOfCycles/Content/2DSideScrollerBP/Textures/characters/characters_Sprite_43.uasset" 333
"../../../AGameOfCycles/Content/2DSideScrollerBP/Textures/characters/characters_Sprite_44.uasset" 334
"../../../AGameOfCycles/Content/2DSideScrollerBP/Textures/characters/characters_Sprite_45.uasset" 335
"../../../AGameOfCycles/Content/2DSideScrollerBP/Textures/characters/characters_Sprite_47.uasset" 336
"../../../AGameOfCycles/Content/2DSideScrollerBP/Textures/characters/characters_Sprite_48.uasset" 337
"../../../AGameOfCycles/Content/2DSideScrollerBP/Textures/characters/characters_Sprite_49.uasset" 338
"../../../AGameOfCycles/Content/2DSideScrollerBP/Textures/characters/characters_Sprite_5.uasset" 339
"../../../AGameOfCycles/Content/2DSideScrollerBP/Textures/characters/characters_Sprite_54.uasset" 340
"../../../AGameOfCycles/Content/2DSideScrollerBP/Textures/characters/characters_Sprite_55.uasset" 341
"../../../AGameOfCycles/Content/2DSideScrollerBP/Textures/characters/characters_Sprite_56.uasset" 342
"../../../AGameOfCycles/Content/2DSideScrollerBP/Textures/characters/characters_Sprite_57.uasset" 343
"../../../AGameOfCycles/Content/2DSideScrollerBP/Textures/characters/characters_Sprite_58.uasset" 344
"../../../AGameOfCycles/Content/2DSideScrollerBP/Textures/characters/characters_Sprite_59.uasset" 345
"../../../AGameOfCycles/Content/2DSideScrollerBP/Textures/characters/characters_Sprite_6.uasset" 346
"../../../AGameOfCycles/Content/2DSideScrollerBP/Textures/characters/characters_Sprite_68.uasset" 347
"../../../AGameOfCycles/Content/2DSideScrollerBP/Textures/characters/characters_Sprite_7.uasset" 348
"../../../AGameOfCycles/Content/2DSideScrollerBP/Textures/characters/characters_Sprite_8.uasset" 349
"../../../AGameOfCycles/Content/2DSideScrollerBP/Textures/characters/characters_Sprite_9.uasset" 350
"../../../AGameOfCycles/Content/2DSideScrollerBP/Textures/characters/Climbing.uasset" 351
"../../../AGameOfCycles/Content/2DSideScrollerBP/Textures/characters/MCClimb.uasset" 352
"../../../AGameOfCycles/Content/2DSideScrollerBP/Textures/characters/PlayerCharacter.uasset" 353
"../../../AGameOfCycles/Content/2DSideScrollerBP/Textures/LevelObjectSprites/bullet006_48px_8.uasset" 354
"../../../AGameOfCycles/Content/2DSideScrollerBP/Textures/LevelObjectSprites/flagRedHanging.uasset" 355
"../../../AGameOfCycles/Content/2DSideScrollerBP/Textures/LevelObjectSprites/LadderBottom.uasset" 356
"../../../AGameOfCycles/Content/2DSideScrollerBP/Textures/LevelObjectSprites/LadderTop.uasset" 357
"../../../AGameOfCycles/Content/2DSideScrollerBP/Textures/LevelObjectSprites/projectile.uasset" 358
"../../../AGameOfCycles/Content/2DSideScrollerBP/Textures/LevelObjectSprites/sheetLadder.uasset" 359
"../../../AGameOfCycles/Content/2DSideScrollerBP/Textures/LevelObjectSprites/sheet_Sprite_75.uasset" 360
"../../../AGameOfCycles/Content/2DSideScrollerBP/Textures/LevelObjectSprites/sheet_TileSet.uasset" 361
"../../../AGameOfCycles/Content/2DSideScrollerBP/Textures/TileSprites/sheet_Sprite_0.uasset" 362
"../../../AGameOfCycles/Content/2DSideScrollerBP/Textures/TileSprites/sheet_Sprite_1.uasset" 363
"../../../AGameOfCycles/Content/2DSideScrollerBP/Textures/TileSprites/sheet_Sprite_10.uasset" 364
"../../../AGameOfCycles/Content/2DSideScrollerBP/Textures/TileSprites/sheet_Sprite_11.uasset" 365
"../../../AGameOfCycles/Content/2DSideScrollerBP/Textures/TileSprites/sheet_Sprite_12.uasset" 366
"../../../AGameOfCycles/Content/2DSideScrollerBP/Textures/TileSprites/sheet_Sprite_13.uasset" 367
"../../../AGameOfCycles/Content/2DSideScrollerBP/Textures/TileSprites/sheet_Sprite_15.uasset" 368
"../../../AGameOfCycles/Content/2DSideScrollerBP/Textures/TileSprites/sheet_Sprite_16.uasset" 369
"../../../AGameOfCycles/Content/2DSideScrollerBP/Textures/TileSprites/sheet_Sprite_17.uasset" 370
"../../../AGameOfCycles/Content/2DSideScrollerBP/Textures/TileSprites/sheet_Sprite_2.uasset" 371
"../../../AGameOfCycles/Content/2DSideScrollerBP/Textures/TileSprites/sheet_Sprite_3.uasset" 372
"../../../AGameOfCycles/Content/2DSideScrollerBP/Textures/TileSprites/sheet_Sprite_4.uasset" 373
"../../../AGameOfCycles/Content/2DSideScrollerBP/Textures/TileSprites/sheet_Sprite_45.uasset" 374
"../../../AGameOfCycles/Content/2DSideScrollerBP/Textures/TileSprites/sheet_Sprite_46.uasset" 375
"../../../AGameOfCycles/Content/2DSideScrollerBP/Textures/TileSprites/sheet_Sprite_47.uasset" 376
"../../../AGameOfCycles/Content/2DSideScrollerBP/Textures/TileSprites/sheet_Sprite_48.uasset" 377
"../../../AGameOfCycles/Content/2DSideScrollerBP/Textures/TileSprites/sheet_Sprite_49.uasset" 378
"../../../AGameOfCycles/Content/2DSideScrollerBP/Textures/TileSprites/sheet_Sprite_5.uasset" 379
"../../../AGameOfCycles/Content/2DSideScrollerBP/Textures/TileSprites/sheet_Sprite_50.uasset" 380
"../../../AGameOfCycles/Content/2DSideScrollerBP/Textures/TileSprites/sheet_Sprite_51.uasset" 381
"../../../AGameOfCycles/Content/2DSideScrollerBP/Textures/TileSprites/sheet_Sprite_52.uasset" 382
"../../../AGameOfCycles/Content/2DSideScrollerBP/Textures/TileSprites/sheet_Sprite_53.uasset" 383
"../../../AGameOfCycles/Content/2DSideScrollerBP/Textures/TileSprites/sheet_Sprite_54.uasset" 384
"../../../AGameOfCycles/Content/2DSideScrollerBP/Textures/TileSprites/sheet_Sprite_55.uasset" 385
"../../../AGameOfCycles/Content/2DSideScrollerBP/Textures/TileSprites/sheet_Sprite_56.uasset" 386
"../../../AGameOfCycles/Content/2DSideScrollerBP/Textures/TileSprites/sheet_Sprite_57.uasset" 387
"../../../AGameOfCycles/Content/2DSideScrollerBP/Textures/TileSprites/sheet_Sprite_58.uasset" 388
"../../../AGameOfCycles/Content/2DSideScrollerBP/Textures/TileSprites/sheet_Sprite_59.uasset" 389
"../../../AGameOfCycles/Content/2DSideScrollerBP/Textures/TileSprites/sheet_Sprite_6.uasset" 390
"../../../AGameOfCycles/Content/2DSideScrollerBP/Textures/TileSprites/sheet_Sprite_60.uasset" 391
"../../../AGameOfCycles/Content/2DSideScrollerBP/Textures/TileSprites/sheet_Sprite_61.uasset" 392
"../../../AGameOfCycles/Content/2DSideScrollerBP/Textures/TileSprites/sheet_Sprite_62.uasset" 393
"../../../AGameOfCycles/Content/2DSideScrollerBP/Textures/TileSprites/sheet_Sprite_63.uasset" 394
"../../../AGameOfCycles/Content/2DSideScrollerBP/Textures/TileSprites/sheet_Sprite_64.uasset" 395
"../../../AGameOfCycles/Content/2DSideScrollerBP/Textures/TileSprites/sheet_Sprite_65.uasset" 396
"../../../AGameOfCycles/Content/2DSideScrollerBP/Textures/TileSprites/sheet_Sprite_66.uasset" 397
"../../../AGameOfCycles/Content/2DSideScrollerBP/Textures/TileSprites/sheet_Sprite_67.uasset" 398
"../../../AGameOfCycles/Content/2DSideScrollerBP/Textures/TileSprites/sheet_Sprite_68.uasset" 399
"../../../AGameOfCycles/Content/2DSideScrollerBP/Textures/TileSprites/sheet_Sprite_69.uasset" 400
"../../../AGameOfCycles/Content/2DSideScrollerBP/Textures/TileSprites/sheet_Sprite_7.uasset" 401
"../../../AGameOfCycles/Content/2DSideScrollerBP/Textures/TileSprites/sheet_Sprite_70.uasset" 402
"../../../AGameOfCycles/Content/2DSideScrollerBP/Textures/TileSprites/sheet_Sprite_71.uasset" 403
"../../../AGameOfCycles/Content/2DSideScrollerBP/Textures/TileSprites/sheet_Sprite_72.uasset" 404
"../../../AGameOfCycles/Content/2DSideScrollerBP/Textures/TileSprites/sheet_Sprite_73.uasset" 405
"../../../AGameOfCycles/Content/2DSideScrollerBP/Textures/TileSprites/sheet_Sprite_74.uasset" 406
"../../../AGameOfCycles/Content/2DSideScrollerBP/Textures/TileSprites/sheet_Sprite_75.uasset" 407
"../../../AGameOfCycles/Content/2DSideScrollerBP/Textures/TileSprites/sheet_Sprite_76.uasset" 408
"../../../AGameOfCycles/Content/2DSideScrollerBP/Textures/TileSprites/sheet_Sprite_77.uasset" 409
"../../../AGameOfCycles/Content/2DSideScrollerBP/Textures/TileSprites/sheet_Sprite_78.uasset" 410
"../../../AGameOfCycles/Content/2DSideScrollerBP/Textures/TileSprites/sheet_Sprite_79.uasset" 411
"../../../AGameOfCycles/Content/2DSideScrollerBP/Textures/TileSprites/sheet_Sprite_8.uasset" 412
"../../../AGameOfCycles/Content/2DSideScrollerBP/Textures/TileSprites/sheet_Sprite_80.uasset" 413
"../../../AGameOfCycles/Content/2DSideScrollerBP/Textures/TileSprites/sheet_Sprite_81.uasset" 414
"../../../AGameOfCycles/Content/2DSideScrollerBP/Textures/TileSprites/sheet_Sprite_82.uasset" 415
"../../../AGameOfCycles/Content/2DSideScrollerBP/Textures/TileSprites/sheet_Sprite_83.uasset" 416
"../../../AGameOfCycles/Content/2DSideScrollerBP/Textures/TileSprites/sheet_Sprite_84.uasset" 417
"../../../AGameOfCycles/Content/2DSideScrollerBP/Textures/TileSprites/sheet_Sprite_85.uasset" 418
"../../../AGameOfCycles/Content/2DSideScrollerBP/Textures/TileSprites/sheet_Sprite_86.uasset" 419
"../../../AGameOfCycles/Content/2DSideScrollerBP/Textures/TileSprites/sheet_Sprite_87.uasset" 420
"../../../AGameOfCycles/Content/2DSideScrollerBP/Textures/TileSprites/sheet_Sprite_88.uasset" 421
"../../../AGameOfCycles/Content/2DSideScrollerBP/Textures/TileSprites/sheet_Sprite_89.uasset" 422
"../../../AGameOfCycles/Content/2DSideScrollerBP/Textures/TileSprites/sheet_Sprite_9.uasset" 423
"../../../Engine/Content/Functions/Engine_MaterialFunctions01/Opacity/CameraDepthFade.uasset" 424
"../../../Engine/Content/EngineMaterials/T_Default_Material_Grid_M.uasset" 425
"../../../Engine/Content/EngineMaterials/T_Default_Material_Grid_N.uasset" 426
"../../../Engine/Content/EngineMaterials/DefaultMaterial.uasset" 427
"../../../Engine/Content/BasicShapes/Cone.uasset" 428
"../../../Engine/Content/EngineMaterials/WorldGridMaterial.uasset" 429
"../../../Engine/Content/BasicShapes/Cube.uasset" 430
"../../../Engine/Content/BasicShapes/Cylinder.uasset" 431
"../../../Engine/Content/BasicShapes/Plane.uasset" 432
"../../../Engine/Content/BasicShapes/Sphere.uasset" 433
"../../../Engine/Content/EditorLandscapeResources/DataLayer.uasset" 434
"../../../Engine/Content/EditorMaterials/GizmoMaterial.uasset" 435
"../../../Engine/Content/EditorMaterials/MAT_Groups_Toggle.uasset" 436
"../../../Engine/Content/EditorMaterials/MAT_Groups_Visibility.uasset" 437
"../../../Engine/Content/EditorMaterials/PreviewShadowIndicator.uasset" 438
"../../../Engine/Content/EditorMaterials/PreviewShadowIndicatorMaterial.uasset" 439
"../../../Engine/Content/EditorMaterials/MatineeGroups/MAT_ColorTrack.uasset" 440
"../../../Engine/Content/EditorMaterials/MatineeGroups/MAT_Groups_Anim.uasset" 441
"../../../Engine/Content/EditorMaterials/MatineeGroups/MAT_Groups_AudioMaster.uasset" 442
"../../../Engine/Content/EditorMaterials/MatineeGroups/MAT_Groups_Director.uasset" 443
"../../../Engine/Content/EditorMaterials/MatineeGroups/MAT_Groups_Event.uasset" 444
"../../../Engine/Content/EditorMaterials/MatineeGroups/MAT_Groups_Fade.uasset" 445
"../../../Engine/Content/EditorMaterials/MatineeGroups/MAT_Groups_Float.uasset" 446
"../../../Engine/Content/EditorMaterials/MatineeGroups/MAT_Groups_Move.uasset" 447
"../../../Engine/Content/EditorMaterials/MatineeGroups/MAT_Groups_Slomo.uasset" 448
"../../../Engine/Content/EditorMaterials/MatineeGroups/MAT_Groups_Sound.uasset" 449
"../../../Engine/Content/EditorMaterials/MatineeGroups/MAT_Groups_Vector.uasset" 450
"../../../Engine/Content/EditorMaterials/ParticleSystems/PSysThumbnail_NoImage.uasset" 451
"../../../Engine/Content/EditorMaterials/ParticleSystems/PSysThumbnail_OOD.uasset" 452
"../../../Engine/Content/EditorMaterials/Camera/CineMat.uasset" 453
"../../../Engine/Content/EditorMaterials/Camera/MI_CineMat_Rig.uasset" 454
"../../../Engine/Content/EditorMeshes/Camera/SM_CraneRig_Arm.uasset" 455
"../../../Engine/Content/EditorMeshes/Camera/SM_CraneRig_Base.uasset" 456
"../../../Engine/Content/EditorMeshes/Camera/SM_CraneRig_Body.uasset" 457
"../../../Engine/Content/EditorMeshes/Camera/SM_CraneRig_Mount.uasset" 458
"../../../Engine/Content/EditorMeshes/Camera/SM_RailRig_Mount.uasset" 459
"../../../Engine/Content/EditorMeshes/Camera/SM_RailRig_Track.uasset" 460
"../../../Engine/Content/EditorMeshes/ColorCalibrator/M_ChromeBall.uasset" 461
"../../../Engine/Content/EditorMeshes/ColorCalibrator/M_ClearCoat.uasset" 462
"../../../Engine/Content/EditorMeshes/ColorCalibrator/M_ClearCoatBlack.uasset" 463
"../../../Engine/Content/EditorMeshes/ColorCalibrator/Color_checker.uasset" 464
"../../../Engine/Content/EditorMeshes/ColorCalibrator/M_ColorGrid.uasset" 465
"../../../Engine/Content/EditorMeshes/ColorCalibrator/M_GreyBall.uasset" 466
"../../../Engine/Content/EditorMeshes/ColorCalibrator/SM_ColorCalibrator.uasset" 467
"../../../Engine/Content/EditorResources/BSPVertex.uasset" 468
"../../../Engine/Content/EditorResources/EmptyActor.uasset" 469
"../../../Engine/Content/EditorResources/S_Actor.uasset" 470
"../../../Engine/Content/EditorResources/S_Trigger.uasset" 471
"../../../Engine/Content/EditorResources/AudioIcons/S_AudioComponent_AutoActivate.uasset" 472
"../../../Engine/Content/EditorResources/LightIcons/S_LightError.uasset" 473
"../../../Engine/Content/EditorResources/SequenceRecorder/Countdown.uasset" 474
"../../../Engine/Content/EditorResources/SequenceRecorder/RecordingIndicator.uasset" 475
"../../../Engine/Content/EditorSounds/Notifications/CompileFailed.uasset" 476
"../../../Engine/Content/EditorSounds/Notifications/CompileFailed_Cue.uasset" 477
"../../../Engine/Content/EditorSounds/Notifications/CompileSuccess.uasset" 478
"../../../Engine/Content/EditorSounds/Notifications/CompileStart_Cue.uasset" 479
"../../../Engine/Content/EditorSounds/Notifications/CompileSuccess_Cue.uasset" 480
"../../../Engine/Content/EngineDamageTypes/DmgTypeBP_Environmental.uasset" 481
"../../../Engine/Content/EngineDebugMaterials/HeatmapGradient.uasset" 482
"../../../Engine/Content/EngineDebugMaterials/BoneWeightMaterial.uasset" 483
"../../../Engine/Content/EngineDebugMaterials/ClothMaterial.uasset" 484
"../../../Engine/Content/EngineDebugMaterials/ClothMaterial_WF.uasset" 485
"../../../Engine/Content/EngineDebugMaterials/DebugEditorMaterial.uasset" 486
"../../../Engine/Content/EngineDebugMaterials/DebugMeshMaterial.uasset" 487
"../../../Engine/Content/EngineDebugMaterials/GeomMaterial.uasset" 488
"../../../Engine/Content/EngineFonts/Faces/RobotoBold.uasset" 489
"../../../Engine/Content/EngineFonts/Faces/RobotoBoldItalic.uasset" 490
"../../../Engine/Content/EngineFonts/Faces/RobotoItalic.uasset" 491
"../../../Engine/Content/EngineFonts/Faces/RobotoLight.uasset" 492
"../../../Engine/Content/EngineFonts/Faces/RobotoRegular.uasset" 493
"../../../Engine/Content/EngineFonts/Roboto.uasset" 494
"../../../Engine/Content/EngineFonts/Faces/RobotoTiny.uasset" 495
"../../../Engine/Content/EngineFonts/RobotoTiny.uasset" 496
"../../../Engine/Content/EngineMaterials/DefaultBloomKernel.uasset" 497
"../../../Engine/Content/EngineMaterials/DefaultBokeh.uasset" 498
"../../../Engine/Content/EngineMaterials/DefaultDiffuse.uasset" 499
"../../../Engine/Content/EngineMaterials/DefaultDeferredDecalMaterial.uasset" 500
"../../../Engine/Content/EngineMaterials/DefaultLightFunctionMaterial.uasset" 501
"../../../Engine/Content/EngineMaterials/DefaultPhysicalMaterial.uasset" 502
"../../../Engine/Content/Functions/Engine_MaterialFunctions02/Utility/BreakOutFloat2Components.uasset" 503
"../../../Engine/Content/EngineMaterials/DefaultPostProcessMaterial.uasset" 504
"../../../Engine/Content/EngineFonts/RobotoDistanceField.uasset" 505
"../../../Engine/Content/EngineMaterials/DefaultTextMaterialOpaque.uasset" 506
"../../../Engine/Content/EngineMaterials/DefaultWhiteGrid.uasset" 507
"../../../Engine/Content/EngineMaterials/EditorBrushMaterial.uasset" 508
"../../../Engine/Content/EngineMaterials/Good64x64TilingNoiseHighFreq.uasset" 509
"../../../Engine/Content/EngineMaterials/MiniFont.uasset" 510
"../../../Engine/Content/EngineMaterials/InvalidLightmapSettings.uasset" 511
"../../../Engine/Content/EngineMaterials/M_InvalidLightmapSettings.uasset" 512
"../../../Engine/Content/Functions/Engine_MaterialFunctions02/WorldPositionOffset/CameraOffset.uasset" 513
"../../../Engine/Content/EngineMaterials/PhAT_JointLimitMaterial.uasset" 514
"../../../Engine/Content/EngineMaterials/PreintegratedSkinBRDF.uasset" 515
"../../../Engine/Content/EngineMaterials/RemoveSurfaceMaterial.uasset" 516
"../../../Engine/Content/EngineMaterials/WeightMapPlaceholderTexture.uasset" 517
"../../../Engine/Content/EngineResources/WhiteSquareTexture.uasset" 518
"../../../Engine/Content/EngineMaterials/Widget3DPassThrough.uasset" 519
"../../../Engine/Content/EngineMaterials/Widget3DPassThrough_Masked.uasset" 520
"../../../Engine/Content/EngineMaterials/Widget3DPassThrough_Opaque.uasset" 521
"../../../Engine/Content/EngineMaterials/Widget3DPassThrough_Masked_OneSided.uasset" 522
"../../../Engine/Content/EngineMaterials/Widget3DPassThrough_Opaque_OneSided.uasset" 523
"../../../Engine/Content/EngineMaterials/Widget3DPassThrough_Translucent.uasset" 524
"../../../Engine/Content/EngineMaterials/Widget3DPassThrough_Translucent_OneSided.uasset" 525
"../../../Engine/Content/EngineMeshes/Cube.uasset" 526
"../../../Engine/Content/EngineMeshes/Cylinder.uasset" 527
"../../../Engine/Content/EngineMeshes/Sphere.uasset" 528
"../../../Engine/Content/EngineResources/Black.uasset" 529
"../../../Engine/Content/EngineResources/DefaultTexture.uasset" 530
"../../../Engine/Content/EngineResources/DefaultTextureCube.uasset" 531
"../../../Engine/Content/EngineResources/GradientTexture0.uasset" 532
"../../../Engine/Content/Functions/Engine_MaterialFunctions01/Shading/ConvertFromDiffSpec.uasset" 533
"../../../Engine/Content/Functions/Engine_MaterialFunctions01/Shading/PowerToRoughness.uasset" 534
"../../../Engine/Content/Maps/Templates/Thumbnails/Default.uasset" 535
"../../../Engine/Content/Maps/Templates/Thumbnails/VR-Basic.uasset" 536
"../../../Engine/Content/MobileResources/T_MobileControls_texture.uasset" 537
"../../../Engine/Content/MobileResources/T_MobileMenu2.uasset" 538
"../../../Engine/Content/MobileResources/HUD/AnalogHat.uasset" 539
"../../../Engine/Content/MobileResources/HUD/VirtualJoystick_Background.uasset" 540
"../../../Engine/Content/MobileResources/HUD/VirtualJoystick_Thumb.uasset" 541
"../../../Engine/Content/MobileResources/HUD/DefaultVirtualJoysticks.uasset" 542
"../../../Engine/Content/MobileResources/HUD/LeftVirtualJoystickOnly.uasset" 543
"../../../Engine/Content/MobileResources/HUD/MobileHUDButton1_off.uasset" 544
"../../../Engine/Content/MobileResources/HUD/MobileHUDButton1_on.uasset" 545
"../../../Engine/Content/MobileResources/HUD/MobileHUDButton2_off.uasset" 546
"../../../Engine/Content/MobileResources/HUD/MobileHUDButton2_on.uasset" 547
"../../../Engine/Content/MobileResources/HUD/MobileHUDButton3.uasset" 548
"../../../Engine/Content/MobileResources/HUD/MobileHUDButtonFire.uasset" 549
"../../../Engine/Content/MobileResources/HUD/MobileHUDDirectionPad.uasset" 550
"../../../Engine/Content/MobileResources/HUD/MobileHUDDirectionPad2.uasset" 551
"../../../Engine/Content/MobileResources/HUD/MobileHUDDirectionPad3.uasset" 552
"../../../Engine/Content/MobileResources/HUD/MobileHUDDirectionStick.uasset" 553
"../../../Engine/Content/MobileResources/HUD/T_Castle_ThumbstickInner.uasset" 554
"../../../Engine/Content/MobileResources/HUD/T_Castle_ThumbstickOutter.uasset" 555
"../../../Engine/Content/Tutorial/ContentIntroCurve.uasset" 556
"../../../Engine/Content/Tutorial/Basics/TutorialAssets/icon_tab_Levels_40x.uasset" 557
"../../../Engine/Content/Tutorial/BlueprintTutorials/TutorialAssets/BlueprintInterface_64x.uasset" 558
"../../../Engine/Content/Tutorial/BlueprintTutorials/TutorialAssets/BlueprintMacroLibrary_64x.uasset" 559
"../../../Engine/Content/Tutorial/BlueprintTutorials/TutorialAssets/Blueprint_64x.uasset" 560
"../../../Engine/Content/Tutorial/BlueprintTutorials/TutorialAssets/Tutorial_BP_Interface.uasset" 561
"../../../Engine/Content/Tutorial/Foliage/TutorialAssets/Foliage.uasset" 562
"../../../Engine/Content/Tutorial/Landscape/TutorialAssets/Landscape.uasset" 563
"../../../Engine/Content/Tutorial/Paper2D/TutorialAssets/Paper2DFlipbook_TutorialIcon.uasset" 564
"../../../Engine/Content/Tutorial/Paper2D/TutorialAssets/Paper2DSprite_TutorialIcon.uasset" 565
"../../../Engine/Content/Tutorial/SubEditors/TutorialAssets/icon_Editor_Preferences_General_40x.uasset" 566
"../../../Engine/Content/Tutorial/SubEditors/TutorialAssets/icon_ShowSkeletalMeshes_40x.uasset" 567
"../../../Engine/Content/Tutorial/SubEditors/TutorialAssets/TutorialMaterial.uasset" 568
"../../../Engine/Content/Tutorial/SubEditors/TutorialAssets/T_SmokeSubUV_8X8.uasset" 569
"../../../Engine/Content/Tutorial/SubEditors/TutorialAssets/T_soft_smoke.uasset" 570
"../../../Engine/Content/Tutorial/SubEditors/TutorialAssets/M_smoke_subUV_blackbody.uasset" 571
"../../../Engine/Content/Tutorial/SubEditors/TutorialAssets/TutorialParticleSystem.uasset" 572
"../../../Engine/Content/VREditor/Devices/Generic/GenericHMDMaterial.uasset" 573
"../../../Engine/Content/VREditor/Devices/Generic/GenericHMD.uasset" 574
"../../../Engine/Content/VREditor/FloatingText/LineMaterial.uasset" 575
"../../../Engine/Content/VREditor/FloatingText/JointSphere.uasset" 576
"../../../Engine/Content/VREditor/FloatingText/LineSegmentCylinder.uasset" 577
"../../../Engine/Content/VREditor/Fonts/VRText_RobotoLarge.uasset" 578
"../../../Engine/Content/VREditor/Fonts/VRTextMaterial.uasset" 579
"../../../Engine/Content/VREditor/Fonts/TranslucentVRTextMaterial.uasset" 580
"../../../Engine/Content/VREditor/LaserPointer/CursorPointer.uasset" 581
"../../../Engine/Content/VREditor/LaserPointer/VR_LaserPower_01.uasset" 582
"../../../Engine/Content/VREditor/TransformGizmo/TransformGizmoMaterial.uasset" 583
"../../../Engine/Content/VREditor/LaserPointer/HoverMaterial.uasset" 584
"../../../Engine/Content/VREditor/TransformGizmo/TranslucentTransformGizmoMaterial.uasset" 585
"../../../Engine/Content/VREditor/LaserPointer/TranslucentHoverMaterial.uasset" 586
"../../../Engine/Content/VREditor/LaserPointer/HoverMesh.uasset" 587
"../../../Engine/Content/VREditor/LaserPointer/LaserPointerMaterial.uasset" 588
"../../../Engine/Content/VREditor/LaserPointer/LaserPointerMaterialInst.uasset" 589
"../../../Engine/Content/VREditor/LaserPointer/TranslucentLaserPointerMaterialInst.uasset" 590
"../../../Engine/Content/VREditor/LaserPointer/LaserPointerMesh.uasset" 591
"../../../Engine/Content/VREditor/LaserPointer/LaserPointerMesh_End.uasset" 592
"../../../Engine/Content/VREditor/LaserPointer/LaserPointerMesh_Start.uasset" 593
"../../../Engine/Content/Functions/Engine_MaterialFunctions02/Utility/BreakOutFloat3Components.uasset" 594
"../../../Engine/Content/Functions/Engine_MaterialFunctions02/Math/Transform3x3Matrix.uasset" 595
"../../../Engine/Content/Functions/Engine_MaterialFunctions02/SplitComponents.uasset" 596
"../../../Engine/Content/Functions/Engine_MaterialFunctions02/Utility/MakeFloat3.uasset" 597
"../../../Engine/Content/VREditor/SnapGrid/SnapGridMaterial.uasset" 598
"../../../Engine/Content/VREditor/SnapGrid/SnapGridPlaneMesh.uasset" 599
"../../../Engine/Content/VREditor/Sounds/VR_teleport.uasset" 600
"../../../Engine/Content/VREditor/Sounds/UI/Click_on_Button_Cue.uasset" 601
"../../../Engine/Content/VREditor/Sounds/UI/Dockable_Window_Close.uasset" 602
"../../../Engine/Content/VREditor/Sounds/UI/Dockable_Window_Drop.uasset" 603
"../../../Engine/Content/VREditor/Sounds/UI/Dockable_Window_Open.uasset" 604
"../../../Engine/Content/VREditor/Sounds/UI/Dockable_Window_Pick_Up.uasset" 605
"../../../Engine/Content/VREditor/Sounds/UI/Drop_Item_From_ContentBrowser.uasset" 606
"../../../Engine/Content/VREditor/Sounds/UI/Floating_UI_Open-001.uasset" 607
"../../../Engine/Content/VREditor/Sounds/UI/Gizmo_Handle_Clicked.uasset" 608
"../../../Engine/Content/VREditor/Sounds/UI/Object_PickUp.uasset" 609
"../../../Engine/Content/VREditor/Sounds/UI/Object_Snaps_To_Another_Actor.uasset" 610
"../../../Engine/Content/VREditor/Sounds/UI/Object_Snaps_To_Grid.uasset" 611
"../../../Engine/Content/VREditor/Sounds/UI/Radial_Menu_FadeOut.uasset" 612
"../../../Engine/Content/VREditor/Sounds/UI/Scaling_Down.uasset" 613
"../../../Engine/Content/VREditor/Sounds/UI/Scaling_Up.uasset" 614
"../../../Engine/Content/VREditor/Sounds/UI/Selection_Changes.uasset" 615
"../../../Engine/Content/VREditor/Sounds/UI/Teleport_Mode_Entered.uasset" 616
"../../../Engine/Content/VREditor/Teleport/TeleportDirectionMaterial.uasset" 617
"../../../Engine/Content/VREditor/Teleport/TeleportDirectionMaterial_Inst.uasset" 618
"../../../Engine/Content/VREditor/Teleport/TeleportDirectionMesh.uasset" 619
"../../../Engine/Content/VREditor/TransformGizmo/BoundingBoxCorner.uasset" 620
"../../../Engine/Content/VREditor/TransformGizmo/BoundingBoxEdge.uasset" 621
"../../../Engine/Content/VREditor/TransformGizmo/PlaneTranslationHandle.uasset" 622
"../../../Engine/Content/VREditor/TransformGizmo/RotationHandleFull.uasset" 623
"../../../Engine/Content/VREditor/TransformGizmo/RotationHandleIndicator.uasset" 624
"../../../Engine/Content/VREditor/TransformGizmo/RotationHandleQuarter.uasset" 625
"../../../Engine/Content/VREditor/TransformGizmo/Main.uasset" 626
"../../../Engine/Content/VREditor/TransformGizmo/Xray.uasset" 627
"../../../Engine/Content/VREditor/TransformGizmo/SM_Dialog_Close.uasset" 628
"../../../Engine/Content/VREditor/TransformGizmo/SM_Dialog_Move.uasset" 629
"../../../Engine/Content/VREditor/TransformGizmo/SM_Sequencer_Key.uasset" 630
"../../../Engine/Content/VREditor/TransformGizmo/SM_Sequencer_Node.uasset" 631
"../../../Engine/Content/VREditor/TransformGizmo/StartRotationHandleIndicator.uasset" 632
"../../../Engine/Content/VREditor/TransformGizmo/TranslucentTransformGizmoMaterial_Inst.uasset" 633
"../../../Engine/Content/VREditor/TransformGizmo/TransformGizmoFreeRotation.uasset" 634
"../../../Engine/Content/VREditor/TransformGizmo/TransformGizmoMaterial_Inst.uasset" 635
"../../../Engine/Content/VREditor/TransformGizmo/TranslateArrowHandle.uasset" 636
"../../../Engine/Content/VREditor/TransformGizmo/UniformScaleHandle.uasset" 637
"../../../Engine/Content/VREditor/UI/KeyDiskMaterial.uasset" 638
"../../../Engine/Content/VREditor/UI/DiscMaterial.uasset" 639
"../../../Engine/Content/VREditor/UI/SM_Radial_Disk.uasset" 640
"../../../Engine/Content/Functions/Engine_MaterialFunctions01/Gradient/RadialGradient.uasset" 641
"../../../Engine/Content/VREditor/WorldMovementGrid/SimpleGrid.uasset" 642
"../../../Engine/Content/VREditor/WorldMovementGrid/GridMaterial.uasset" 643
"../../../Engine/Content/Functions/Engine_MaterialFunctions01/Density/ExponentialDensity.uasset" 644
"../../../Engine/Content/VREditor/WorldMovementGrid/GridPostProcess.uasset" 645
"../../../Engine/Content/EditorLandscapeResources/FlattenHeightMat.uasset" 646
"../../../Engine/Content/VREditor/WorldMovementGrid/PlaneMesh.uasset" 647
"../../../Engine/Plugins/2D/Paper2D/Content/DummySprite.uasset" 648
"../../../Engine/Plugins/2D/Paper2D/Content/DefaultPaperTerrainMaterial.uasset" 649
"../../../Engine/Plugins/2D/Paper2D/Content/MaskedUnlitSpriteMaterial.uasset" 650
"../../../Engine/Plugins/Media/MediaCompositing/Content/DefaultMediaPlaneMaterial.uasset" 651
"../../../Engine/Content/Functions/Engine_MaterialFunctions02/Utility/MakeFloat4.uasset" 652
"../../../Engine/Plugins/Runtime/AppleARKit/Content/ARKitCameraMaterial.uasset" 653
"../../../Engine/Plugins/Runtime/Oculus/OculusVR/Content/Textures/GearVRController_AO.uasset" 654
"../../../Engine/Plugins/Runtime/Oculus/OculusVR/Content/Textures/GearVRController_Color.uasset" 655
"../../../Engine/Plugins/Runtime/Oculus/OculusVR/Content/Textures/GearVRController_Normal.uasset" 656
"../../../Engine/Plugins/Runtime/Oculus/OculusVR/Content/Materials/GearVRControllerMaterial.uasset" 657
"../../../Engine/Plugins/Runtime/Oculus/OculusVR/Content/Meshes/GearVrController.uasset" 658
"../../../AGameOfCycles/Content/2DSideScrollerBP/Maps/CreditsLevel_BuiltData.uasset" 659
"../../../AGameOfCycles/Content/2DSideScrollerBP/Maps/CreditsLevel.umap" 660
"../../../AGameOfCycles/Content/2DSideScrollerBP/Blueprints/2DSideScrollerGameMode.uasset" 661
"../../../AGameOfCycles/Content/2DSideScrollerBP/Textures/LevelObjectSprites/flagRed2.uasset" 662
"../../../AGameOfCycles/Content/2DSideScrollerBP/Textures/LevelObjectSprites/flagRed2_Sprite_0.uasset" 663
"../../../AGameOfCycles/Content/2DSideScrollerBP/Textures/LevelObjectSprites/flagRed.uasset" 664
"../../../AGameOfCycles/Content/2DSideScrollerBP/Textures/LevelObjectSprites/flagRed_Sprite_0.uasset" 665
"../../../AGameOfCycles/Content/2DSideScrollerBP/Textures/LevelObjectSprites/Flag.uasset" 666
"../../../AGameOfCycles/Content/2DSideScrollerBP/Blueprints/CheckpointBP.uasset" 667
"../../../AGameOfCycles/Content/2DSideScrollerBP/Blueprints/Dialogue/Level0SignDialogue0.uasset" 668
"../../../AGameOfCycles/Content/2DSideScrollerBP/Blueprints/Dialogue/Level0Sign0.uasset" 669
"../../../AGameOfCycles/Content/2DSideScrollerBP/Blueprints/Dialogue/Level0SignDialogue005.uasset" 670
"../../../AGameOfCycles/Content/2DSideScrollerBP/Blueprints/Dialogue/Level0Sign005.uasset" 671
"../../../AGameOfCycles/Content/2DSideScrollerBP/Blueprints/Dialogue/Level0SignDialogue01.uasset" 672
"../../../AGameOfCycles/Content/2DSideScrollerBP/Blueprints/Dialogue/Level0Sign01.uasset" 673
"../../../AGameOfCycles/Content/2DSideScrollerBP/Blueprints/Dialogue/Level0SignDialogue02.uasset" 674
"../../../AGameOfCycles/Content/2DSideScrollerBP/Blueprints/Dialogue/Level0Sign02.uasset" 675
"../../../AGameOfCycles/Content/2DSideScrollerBP/Blueprints/Dialogue/Level0Sign03.uasset" 676
"../../../AGameOfCycles/Content/2DSideScrollerBP/Blueprints/Dialogue/Level0SignDialogue004.uasset" 677
"../../../AGameOfCycles/Content/2DSideScrollerBP/Blueprints/Dialogue/Level0Sign04.uasset" 678
"../../../AGameOfCycles/Content/2DSideScrollerBP/Blueprints/Dialogue/Level0SignDialogue06.uasset" 679
"../../../AGameOfCycles/Content/2DSideScrollerBP/Blueprints/Dialogue/Level0Sign06.uasset" 680
"../../../AGameOfCycles/Content/2DSideScrollerBP/Blueprints/Dialogue/Level0SignDialogue07.uasset" 681
"../../../AGameOfCycles/Content/2DSideScrollerBP/Blueprints/Dialogue/Level0Sign07.uasset" 682
"../../../AGameOfCycles/Content/2DSideScrollerBP/Blueprints/Dialogue/Level0SignDialogue08.uasset" 683
"../../../AGameOfCycles/Content/2DSideScrollerBP/Blueprints/Dialogue/Level0Sign08.uasset" 684
"../../../AGameOfCycles/Content/2DSideScrollerBP/Blueprints/Dialogue/Level0SignDialogue09.uasset" 685
"../../../AGameOfCycles/Content/2DSideScrollerBP/Blueprints/Dialogue/Level0Sign09.uasset" 686
"../../../AGameOfCycles/Content/2DSideScrollerBP/Blueprints/Dialogue/Level0SignDialogue10.uasset" 687
"../../../AGameOfCycles/Content/2DSideScrollerBP/Blueprints/Dialogue/Level0Sign10.uasset" 688
"../../../AGameOfCycles/Content/2DSideScrollerBP/Blueprints/Dialogue/Level0SignDialogue11.uasset" 689
"../../../AGameOfCycles/Content/2DSideScrollerBP/Blueprints/Dialogue/Level0Sign11.uasset" 690
"../../../AGameOfCycles/Content/2DSideScrollerBP/Blueprints/Dialogue/Level0SignDialogue12.uasset" 691
"../../../AGameOfCycles/Content/2DSideScrollerBP/Blueprints/Dialogue/Level0Sign12.uasset" 692
"../../../AGameOfCycles/Content/2DSideScrollerBP/Blueprints/Dialogue/Level0SignDialogue13.uasset" 693
"../../../AGameOfCycles/Content/2DSideScrollerBP/Blueprints/Dialogue/Level0Sign13.uasset" 694
"../../../AGameOfCycles/Content/2DSideScrollerBP/Blueprints/Dialogue/Level0SignDialogue14.uasset" 695
"../../../AGameOfCycles/Content/2DSideScrollerBP/Blueprints/Dialogue/Level0Sign14.uasset" 696
"../../../AGameOfCycles/Content/2DSideScrollerBP/Blueprints/Dialogue/Level0SignDialogue15.uasset" 697
"../../../AGameOfCycles/Content/2DSideScrollerBP/Blueprints/Dialogue/Level0Sign15.uasset" 698
"../../../AGameOfCycles/Content/2DSideScrollerBP/Blueprints/Dialogue/Level0SignDialogue16.uasset" 699
"../../../AGameOfCycles/Content/2DSideScrollerBP/Blueprints/Dialogue/Level0Sign16.uasset" 700
"../../../AGameOfCycles/Content/2DSideScrollerBP/Blueprints/Dialogue/Level0SignDialogue17.uasset" 701
"../../../AGameOfCycles/Content/2DSideScrollerBP/Blueprints/Dialogue/Level0Sign17.uasset" 702
"../../../AGameOfCycles/Content/2DSideScrollerBP/Textures/LevelObjectSprites/LadderMiddle.uasset" 703
"../../../AGameOfCycles/Content/2DSideScrollerBP/Blueprints/LadderBlueprint.uasset" 704
"../../../AGameOfCycles/Content/2DSideScrollerBP/Blueprints/LeverSystem/LeverAnimationState.uasset" 705
"../../../AGameOfCycles/Content/2DSideScrollerBP/Blueprints/LeverSystem/switchLeft.uasset" 706
"../../../AGameOfCycles/Content/2DSideScrollerBP/Blueprints/LeverSystem/LS1.uasset" 707
"../../../AGameOfCycles/Content/2DSideScrollerBP/Blueprints/LeverSystem/LSFBL.uasset" 708
"../../../AGameOfCycles/Content/2DSideScrollerBP/Blueprints/LeverSystem/switchMid.uasset" 709
"../../../AGameOfCycles/Content/2DSideScrollerBP/Blueprints/LeverSystem/LS2.uasset" 710
"../../../AGameOfCycles/Content/2DSideScrollerBP/Blueprints/LeverSystem/switchRight.uasset" 711
"../../../AGameOfCycles/Content/2DSideScrollerBP/Blueprints/LeverSystem/LS3.uasset" 712
"../../../AGameOfCycles/Content/2DSideScrollerBP/Blueprints/LeverSystem/LSFBL2R.uasset" 713
"../../../AGameOfCycles/Content/2DSideScrollerBP/Blueprints/LeverSystem/LSFBR.uasset" 714
"../../../AGameOfCycles/Content/2DSideScrollerBP/Blueprints/LeverSystem/LSFBR2L.uasset" 715
"../../../AGameOfCycles/Content/2DSideScrollerBP/Blueprints/LeverSystem/Lever.uasset" 716
"../../../Engine/Plugins/2D/Paper2D/Content/PlaceholderTextures/FlatNormalMap.uasset" 717
"../../../Engine/Plugins/2D/Paper2D/Content/DefaultLitSpriteMaterial.uasset" 718
"../../../Engine/Plugins/2D/Paper2D/Content/MaskedLitSpriteMaterial.uasset" 719
"../../../AGameOfCycles/Content/2DSideScrollerBP/Textures/sheet_RockPlatform.uasset" 720
"../../../AGameOfCycles/Content/2DSideScrollerBP/Blueprints/LeverSystem/PuzzlePlatform.uasset" 721
"../../../AGameOfCycles/Content/2DSideScrollerBP/Blueprints/MovingPlatform.uasset" 722
"../../../AGameOfCycles/Content/2DSideScrollerBP/Blueprints/Obstacles/spikes.uasset" 723
"../../../AGameOfCycles/Content/2DSideScrollerBP/Blueprints/Obstacles/spikes_Sprite_0.uasset" 724
"../../../AGameOfCycles/Content/2DSideScrollerBP/Blueprints/Obstacles/DeadlySpikes.uasset" 725
"../../../AGameOfCycles/Content/2DSideScrollerBP/Blueprints/SoundGameInstance.uasset" 726
"../../../AGameOfCycles/Content/2DSideScrollerBP/Maps/LevelTransition/star.uasset" 727
"../../../AGameOfCycles/Content/2DSideScrollerBP/Maps/LevelTransition/star_Sprite_0.uasset" 728
"../../../AGameOfCycles/Content/2DSideScrollerBP/Maps/LevelTransition/ToLevelC1.uasset" 729
"../../../AGameOfCycles/Content/2DSideScrollerBP/Maps/Level0_BuiltData.uasset" 730
"../../../AGameOfCycles/Content/2DSideScrollerBP/Audio/The_Forest_Dreams.uasset" 731
"../../../AGameOfCycles/Content/2DSideScrollerBP/Textures/sheet_TileMap.uasset" 732
"../../../AGameOfCycles/Content/2DSideScrollerBP/Maps/Level0.umap" 733
"../../../AGameOfCycles/Content/2DSideScrollerBP/Blueprints/Dialogue/KingDialogue1.uasset" 734
"../../../AGameOfCycles/Content/2DSideScrollerBP/Textures/characters/characters_Sprite_26.uasset" 735
"../../../AGameOfCycles/Content/2DSideScrollerBP/Blueprints/Dialogue/King1.uasset" 736
"../../../AGameOfCycles/Content/2DSideScrollerBP/Blueprints/Dialogue/SignDialogue1.uasset" 737
"../../../AGameOfCycles/Content/2DSideScrollerBP/Blueprints/Dialogue/Sign1.uasset" 738
"../../../AGameOfCycles/Content/2DSideScrollerBP/Blueprints/Dialogue/SignDialogue2.uasset" 739
"../../../AGameOfCycles/Content/2DSideScrollerBP/Blueprints/Dialogue/Sign2.uasset" 740
"../../../AGameOfCycles/Content/2DSideScrollerBP/Blueprints/Dialogue/SignDialogue3.uasset" 741
"../../../AGameOfCycles/Content/2DSideScrollerBP/Blueprints/Dialogue/Sign3.uasset" 742
"../../../AGameOfCycles/Content/2DSideScrollerBP/Blueprints/Dialogue/SignDialogue4.uasset" 743
"../../../AGameOfCycles/Content/2DSideScrollerBP/Blueprints/Dialogue/Sign4.uasset" 744
"../../../AGameOfCycles/Content/2DSideScrollerBP/Blueprints/Dialogue/SignDialogue5.uasset" 745
"../../../AGameOfCycles/Content/2DSideScrollerBP/Blueprints/Dialogue/Sign5.uasset" 746
"../../../AGameOfCycles/Content/2DSideScrollerBP/Blueprints/Dialogue/SignDialogue6.uasset" 747
"../../../AGameOfCycles/Content/2DSideScrollerBP/Blueprints/Dialogue/Sign6.uasset" 748
"../../../AGameOfCycles/Content/2DSideScrollerBP/Maps/LevelTransition/ToLevelE1.uasset" 749
"../../../AGameOfCycles/Content/2DSideScrollerBP/Maps/LevelC1_BuiltData.uasset" 750
"../../../AGameOfCycles/Content/2DSideScrollerBP/Textures/sheet_TileMapC1.uasset" 751
"../../../AGameOfCycles/Content/2DSideScrollerBP/Maps/LevelC1.umap" 752
"../../../AGameOfCycles/Content/2DSideScrollerBP/Blueprints/Dialogue/SignDialogueE1.uasset" 753
"../../../AGameOfCycles/Content/2DSideScrollerBP/Blueprints/Dialogue/SignE1.uasset" 754
"../../../AGameOfCycles/Content/2DSideScrollerBP/Blueprints/Dialogue/SignDialogueE2.uasset" 755
"../../../AGameOfCycles/Content/2DSideScrollerBP/Blueprints/Dialogue/SignE2.uasset" 756
"../../../AGameOfCycles/Content/2DSideScrollerBP/Blueprints/Dialogue/SignDialogueE3.uasset" 757
"../../../AGameOfCycles/Content/2DSideScrollerBP/Blueprints/Dialogue/SignE3.uasset" 758
"../../../AGameOfCycles/Content/2DSideScrollerBP/Blueprints/Dialogue/SignDialogueE4.uasset" 759
"../../../AGameOfCycles/Content/2DSideScrollerBP/Blueprints/Dialogue/SignE4.uasset" 760
"../../../AGameOfCycles/Content/2DSideScrollerBP/Blueprints/Dialogue/SignDialogueE5.uasset" 761
"../../../AGameOfCycles/Content/2DSideScrollerBP/Blueprints/Dialogue/SignE5.uasset" 762
"../../../AGameOfCycles/Content/2DSideScrollerBP/Blueprints/Dialogue/SignDialogueE6.uasset" 763
"../../../AGameOfCycles/Content/2DSideScrollerBP/Blueprints/Dialogue/SignE6.uasset" 764
"../../../AGameOfCycles/Content/2DSideScrollerBP/Blueprints/Dialogue/SignDialogueE7.uasset" 765
"../../../AGameOfCycles/Content/2DSideScrollerBP/Blueprints/Dialogue/SignE7.uasset" 766
"../../../AGameOfCycles/Content/2DSideScrollerBP/Maps/LevelTransition/ToCreditsLevel.uasset" 767
"../../../AGameOfCycles/Content/2DSideScrollerBP/Maps/LevelE1_BuiltData.uasset" 768
"../../../AGameOfCycles/Content/2DSideScrollerBP/Textures/sheet_TileMapE1.uasset" 769
"../../../AGameOfCycles/Content/2DSideScrollerBP/Maps/LevelE1.umap" 770
"../../../AGameOfCycles/Content/2DSideScrollerBP/Textures/Buttons/Layer-2_Sprite_1.uasset" 771
"../../../AGameOfCycles/Content/2DSideScrollerBP/Textures/Buttons/Layer-2_Sprite_10.uasset" 772
"../../../AGameOfCycles/Content/2DSideScrollerBP/Textures/Buttons/Layer-2_Sprite_23.uasset" 773
"../../../AGameOfCycles/Content/2DSideScrollerBP/Textures/Buttons/Layer-2_Sprite_5.uasset" 774
"../../../AGameOfCycles/Content/2DSideScrollerBP/Textures/Buttons/Layer-2_Sprite_8.uasset" 775
"../../../AGameOfCycles/Content/2DSideScrollerBP/Textures/Buttons/Layer-3_Sprite_1.uasset" 776
"../../../AGameOfCycles/Content/2DSideScrollerBP/Textures/Buttons/Layer-3_Sprite_10.uasset" 777
"../../../AGameOfCycles/Content/2DSideScrollerBP/Textures/Buttons/Layer-3_Sprite_23.uasset" 778
"../../../AGameOfCycles/Content/2DSideScrollerBP/Textures/Buttons/Layer-3_Sprite_5.uasset" 779
"../../../AGameOfCycles/Content/2DSideScrollerBP/Textures/Buttons/Layer-3_Sprite_8.uasset" 780
"../../../AGameOfCycles/Content/2DSideScrollerBP/Textures/Buttons/Layer-5_Sprite_20.uasset" 781
"../../../AGameOfCycles/Content/2DSideScrollerBP/Textures/Buttons/Layer-5_Sprite_21.uasset" 782
"../../../AGameOfCycles/Content/2DSideScrollerBP/Textures/Buttons/Layer-5_Sprite_24.uasset" 783
"../../../AGameOfCycles/Content/2DSideScrollerBP/Textures/Buttons/Layer-7_Sprite_20.uasset" 784
"../../../AGameOfCycles/Content/2DSideScrollerBP/Textures/Buttons/Layer-7_Sprite_21.uasset" 785
"../../../AGameOfCycles/Content/2DSideScrollerBP/Textures/Buttons/Layer-7_Sprite_24.uasset" 786
"../../../AGameOfCycles/Content/2DSideScrollerBP/Textures/parallax-forest-front-trees.uasset" 787
"../../../AGameOfCycles/Content/2DSideScrollerBP/Textures/parallax-forest-lights.uasset" 788
"../../../AGameOfCycles/Content/2DSideScrollerBP/Textures/parallax-forest-middle-trees.uasset" 789
"../../../AGameOfCycles/Content/2DSideScrollerBP/Blueprints/MainMenu.uasset" 790
"../../../AGameOfCycles/Content/2DSideScrollerBP/Blueprints/MainMenuHUD.uasset" 791
"../../../AGameOfCycles/Content/2DSideScrollerBP/Blueprints/2DMainMenuGameMode.uasset" 792
"../../../AGameOfCycles/Content/2DSideScrollerBP/Maps/MainMenu_BuiltData.uasset" 793
"../../../AGameOfCycles/Content/2DSideScrollerBP/Maps/MainMenu.umap" 794
"../../../AGameOfCycles/Content/2DSideScrollerBP/Maps/LevelTransition/ToLevel1.uasset" 795
"../../../Engine/Content/EngineSounds/Master.uasset" 796
"../../../Engine/Content/EngineSounds/Music.uasset" 797
"../../../AGameOfCycles/Content/2DSideScrollerBP/Audio/The_Forest_Dreams_Cue.uasset" 798
"../../../AGameOfCycles/Content/2DSideScrollerBP/Textures/LevelE1.umap" 799
